
6/Jun/2016 10:54:38
0.00 - Opened log file.
0.21 - Loaded file /Users/Zhe/Documents/seizure/myeegcode/Faster_Processing/pre/pre.set.
0.07 - Highpass filter: 1.000Hz, transition band: 0.50, order: 464.
0.00 - Lowpass filter: 60.000Hz, transition band: 2.50, order: 72.
0.02 - Notch filter: 48.500 to 51.500Hz, transition band: 1.00, order: 228.
0.93 - Epoched data every 1.00 seconds.
Initial baseline variance: 0.01.
1.25 - Rejected 0 epochs .
12.21 - Ran ICA.
12.55 - Did per-epoch interpolation cleanup.
See _epoch_interpolations.txt for details.
12.57 - Finished.
Final baseline variance: 0.01.

6/Jun/2016 10:56:41
0.00 - Opened log file.
0.16 - Loaded file /Users/Zhe/Documents/seizure/myeegcode/Faster_Processing/pre/pre.set.
0.08 - Highpass filter: 1.000Hz, transition band: 0.50, order: 464.
0.00 - Lowpass filter: 60.000Hz, transition band: 2.50, order: 72.
0.03 - Notch filter: 48.500 to 51.500Hz, transition band: 1.00, order: 228.
0.86 - Epoched data every 1.00 seconds.
Initial baseline variance: 0.01.
1.16 - Rejected 0 epochs .
11.77 - Ran ICA.
12.00 - Did per-epoch interpolation cleanup.
See _epoch_interpolations.txt for details.
12.02 - Finished.
Final baseline variance: 0.01.

6/Jun/2016 11:4:41
0.00 - Opened log file.
0.16 - Loaded file /Users/Zhe/Documents/seizure/myeegcode/Faster_Processing/pre/pre.set.
0.09 - Highpass filter: 1.000Hz, transition band: 0.50, order: 464.
0.01 - Lowpass filter: 60.000Hz, transition band: 2.50, order: 72.
0.03 - Notch filter: 48.500 to 51.500Hz, transition band: 1.00, order: 228.
0.94 - Epoched data every 1.00 seconds.
Initial baseline variance: 0.01.
1.27 - Rejected 0 epochs .
11.81 - Ran ICA.
12.06 - Did per-epoch interpolation cleanup.
See _epoch_interpolations.txt for details.
12.09 - Finished.
Final baseline variance: 0.01.

6/Jun/2016 11:8:30
0.01 - Opened log file.
0.17 - Loaded file /Users/Zhe/Documents/seizure/myeegcode/Faster_Processing/pre/pre.set.
0.07 - Highpass filter: 1.000Hz, transition band: 0.50, order: 464.
0.00 - Lowpass filter: 60.000Hz, transition band: 2.50, order: 72.
0.01 - Notch filter: 48.500 to 51.500Hz, transition band: 1.00, order: 228.
0.94 - Epoched data every 1.00 seconds.
Initial baseline variance: 0.01.
1.26 - Rejected 0 epochs .
11.35 - Ran ICA.
11.58 - Did per-epoch interpolation cleanup.
See _epoch_interpolations.txt for details.
11.60 - Finished.
Final baseline variance: 0.01.

6/Jun/2016 11:15:39
0.00 - Opened log file.
0.19 - Loaded file /Users/Zhe/Documents/seizure/myeegcode/Faster_Processing/pre/pre.set.
0.48 - Highpass filter: 1.000Hz, transition band: 0.50, order: 464.
0.27 - Lowpass filter: 60.000Hz, transition band: 2.50, order: 72.
0.34 - Notch filter: 48.500 to 51.500Hz, transition band: 1.00, order: 228.
1.82 - Epoched data every 1.00 seconds.
Initial baseline variance: 0.00.
2.92 - Rejected 20 epochs 218 225 227 232 233 234 235 300 349 411 597 750 751 775 853 874 882 895 933 941.
