This is pdfTeX, Version 3.1415926-2.5-1.40.14 (TeX Live 2013) (format=pdflatex 2013.5.30)  29 MAR 2016 21:14
entering extended mode
 \write18 enabled.
 %&-line parsing enabled.
**sum1.tex
(./sum1.tex
LaTeX2e <2011/06/27>
Babel <3.9f> and hyphenation patterns for 78 languages loaded.
(/usr/local/texlive/2013/texmf-dist/tex/latex/paper/paper.cls
Document Class: paper 2008/05/30 1.0l LaTeX document class (wm).
\hours=\count79
\minutes=\count80
(/usr/local/texlive/2013/texmf-dist/tex/latex/base/size10.clo
File: size10.clo 2007/10/19 v1.4h Standard LaTeX file (size option)
)
\beforetitlespace=\skip41
\c@part=\count81
\c@section=\count82
\c@subsection=\count83
\c@subsubsection=\count84
\c@paragraph=\count85
\c@subparagraph=\count86
\exampleindent=\skip42
\c@figure=\count87
\c@table=\count88
\abovecaptionskip=\skip43
\belowcaptionskip=\skip44
\bibindent=\dimen102
) (/usr/local/texlive/2013/texmf-dist/tex/latex/graphics/graphicx.sty
Package: graphicx 1999/02/16 v1.0f Enhanced LaTeX Graphics (DPC,SPQR)
(/usr/local/texlive/2013/texmf-dist/tex/latex/graphics/keyval.sty
Package: keyval 1999/03/16 v1.13 key=value parser (DPC)
\KV@toks@=\toks14
) (/usr/local/texlive/2013/texmf-dist/tex/latex/graphics/graphics.sty
Package: graphics 2009/02/05 v1.0o Standard LaTeX Graphics (DPC,SPQR)
(/usr/local/texlive/2013/texmf-dist/tex/latex/graphics/trig.sty
Package: trig 1999/03/16 v1.09 sin cos tan (DPC)
) (/usr/local/texlive/2013/texmf-dist/tex/latex/latexconfig/graphics.cfg
File: graphics.cfg 2010/04/23 v1.9 graphics configuration of TeX Live
)
Package graphics Info: Driver file: pdftex.def on input line 91.
(/usr/local/texlive/2013/texmf-dist/tex/latex/pdftex-def/pdftex.def
File: pdftex.def 2011/05/27 v0.06d Graphics/color for pdfTeX
(/usr/local/texlive/2013/texmf-dist/tex/generic/oberdiek/infwarerr.sty
Package: infwarerr 2010/04/08 v1.3 Providing info/warning/error messages (HO)
) (/usr/local/texlive/2013/texmf-dist/tex/generic/oberdiek/ltxcmds.sty
Package: ltxcmds 2011/11/09 v1.22 LaTeX kernel commands for general use (HO)
)
\Gread@gobject=\count89
))
\Gin@req@height=\dimen103
\Gin@req@width=\dimen104
) (/usr/local/texlive/2013/texmf-dist/tex/latex/geometry/geometry.sty
Package: geometry 2010/09/12 v5.6 Page Geometry
(/usr/local/texlive/2013/texmf-dist/tex/generic/oberdiek/ifpdf.sty
Package: ifpdf 2011/01/30 v2.3 Provides the ifpdf switch (HO)
Package ifpdf Info: pdfTeX in PDF mode is detected.
) (/usr/local/texlive/2013/texmf-dist/tex/generic/oberdiek/ifvtex.sty
Package: ifvtex 2010/03/01 v1.5 Detect VTeX and its facilities (HO)
Package ifvtex Info: VTeX not detected.
) (/usr/local/texlive/2013/texmf-dist/tex/generic/ifxetex/ifxetex.sty
Package: ifxetex 2010/09/12 v0.6 Provides ifxetex conditional
)
\Gm@cnth=\count90
\Gm@cntv=\count91
\c@Gm@tempcnt=\count92
\Gm@bindingoffset=\dimen105
\Gm@wd@mp=\dimen106
\Gm@odd@mp=\dimen107
\Gm@even@mp=\dimen108
\Gm@layoutwidth=\dimen109
\Gm@layoutheight=\dimen110
\Gm@layouthoffset=\dimen111
\Gm@layoutvoffset=\dimen112
\Gm@dimlist=\toks15
) (/usr/local/texlive/2013/texmf-dist/tex/latex/subfigure/subfigure.sty
Package: subfigure 2002/03/15 v2.1.5 subfigure package
\subfigtopskip=\skip45
\subfigcapskip=\skip46
\subfigcaptopadj=\dimen113
\subfigbottomskip=\skip47
\subfigcapmargin=\dimen114
\subfiglabelskip=\skip48
\c@subfigure=\count93
\c@lofdepth=\count94
\c@subtable=\count95
\c@lotdepth=\count96
****************************************
* Local config file subfigure.cfg used *
****************************************
(/usr/local/texlive/2013/texmf-dist/tex/latex/subfigure/subfigure.cfg)
\subfig@top=\skip49
\subfig@bottom=\skip50
)

LaTeX Warning: Unused global option(s):
    [9pts].

(./sum1.aux)
\openout1 = `sum1.aux'.

LaTeX Font Info:    Checking defaults for OML/cmm/m/it on input line 6.
LaTeX Font Info:    ... okay on input line 6.
LaTeX Font Info:    Checking defaults for T1/cmr/m/n on input line 6.
LaTeX Font Info:    ... okay on input line 6.
LaTeX Font Info:    Checking defaults for OT1/cmr/m/n on input line 6.
LaTeX Font Info:    ... okay on input line 6.
LaTeX Font Info:    Checking defaults for OMS/cmsy/m/n on input line 6.
LaTeX Font Info:    ... okay on input line 6.
LaTeX Font Info:    Checking defaults for OMX/cmex/m/n on input line 6.
LaTeX Font Info:    ... okay on input line 6.
LaTeX Font Info:    Checking defaults for U/cmr/m/n on input line 6.
LaTeX Font Info:    ... okay on input line 6.
(/usr/local/texlive/2013/texmf-dist/tex/context/base/supp-pdf.mkii
[Loading MPS to PDF converter (version 2006.09.02).]
\scratchcounter=\count97
\scratchdimen=\dimen115
\scratchbox=\box26
\nofMPsegments=\count98
\nofMParguments=\count99
\everyMPshowfont=\toks16
\MPscratchCnt=\count100
\MPscratchDim=\dimen116
\MPnumerator=\count101
\makeMPintoPDFobject=\count102
\everyMPtoPDFconversion=\toks17
) (/usr/local/texlive/2013/texmf-dist/tex/generic/oberdiek/pdftexcmds.sty
Package: pdftexcmds 2011/11/29 v0.20 Utility functions of pdfTeX for LuaTeX (HO
)
(/usr/local/texlive/2013/texmf-dist/tex/generic/oberdiek/ifluatex.sty
Package: ifluatex 2010/03/01 v1.3 Provides the ifluatex switch (HO)
Package ifluatex Info: LuaTeX not detected.
)
Package pdftexcmds Info: LuaTeX not detected.
Package pdftexcmds Info: \pdf@primitive is available.
Package pdftexcmds Info: \pdf@ifprimitive is available.
Package pdftexcmds Info: \pdfdraftmode found.
) (/usr/local/texlive/2013/texmf-dist/tex/latex/oberdiek/epstopdf-base.sty
Package: epstopdf-base 2010/02/09 v2.5 Base part for package epstopdf
(/usr/local/texlive/2013/texmf-dist/tex/latex/oberdiek/grfext.sty
Package: grfext 2010/08/19 v1.1 Manage graphics extensions (HO)
(/usr/local/texlive/2013/texmf-dist/tex/generic/oberdiek/kvdefinekeys.sty
Package: kvdefinekeys 2011/04/07 v1.3 Define keys (HO)
)) (/usr/local/texlive/2013/texmf-dist/tex/latex/oberdiek/kvoptions.sty
Package: kvoptions 2011/06/30 v3.11 Key value format for package options (HO)
(/usr/local/texlive/2013/texmf-dist/tex/generic/oberdiek/kvsetkeys.sty
Package: kvsetkeys 2012/04/25 v1.16 Key value parser (HO)
(/usr/local/texlive/2013/texmf-dist/tex/generic/oberdiek/etexcmds.sty
Package: etexcmds 2011/02/16 v1.5 Avoid name clashes with e-TeX commands (HO)
Package etexcmds Info: Could not find \expanded.
(etexcmds)             That can mean that you are not using pdfTeX 1.50 or
(etexcmds)             that some package has redefined \expanded.
(etexcmds)             In the latter case, load this package earlier.
)))
Package grfext Info: Graphics extension search list:
(grfext)             [.png,.pdf,.jpg,.mps,.jpeg,.jbig2,.jb2,.PNG,.PDF,.JPG,.JPE
G,.JBIG2,.JB2,.eps]
(grfext)             \AppendGraphicsExtensions on input line 452.
(/usr/local/texlive/2013/texmf-dist/tex/latex/latexconfig/epstopdf-sys.cfg
File: epstopdf-sys.cfg 2010/07/13 v1.3 Configuration of (r)epstopdf for TeX Liv
e
))
*geometry* driver: auto-detecting
*geometry* detected driver: pdftex
*geometry* verbose mode - [ preamble ] result:
* driver: pdftex
* paper: <default>
* layout: <same size as paper>
* layoutoffset:(h,v)=(0.0pt,0.0pt)
* modes: 
* h-part:(L,W,R)=(57.81621pt, 498.66258pt, 57.81621pt)
* v-part:(T,H,B)=(57.81621pt, 679.33757pt, 57.81621pt)
* \paperwidth=614.295pt
* \paperheight=794.96999pt
* \textwidth=498.66258pt
* \textheight=679.33757pt
* \oddsidemargin=-14.45378pt
* \evensidemargin=-14.45378pt
* \topmargin=-51.45378pt
* \headheight=12.0pt
* \headsep=25.0pt
* \topskip=10.0pt
* \footskip=30.0pt
* \marginparwidth=65.0pt
* \marginparsep=11.0pt
* \columnsep=10.0pt
* \skip\footins=9.0pt plus 4.0pt minus 2.0pt
* \hoffset=0.0pt
* \voffset=0.0pt
* \mag=1000
* \@twocolumnfalse
* \@twosidefalse
* \@mparswitchfalse
* \@reversemarginfalse
* (1in=72.27pt=25.4mm, 1cm=28.453pt)

<8energy_band.pdf, id=1, 614.295pt x 794.97pt>
File: 8energy_band.pdf Graphic file (type pdf)
<use 8energy_band.pdf>
Package pdftex.def Info: 8energy_band.pdf used on input line 11.
(pdftex.def)             Requested size: 245.71364pt x 317.98236pt.
<comp_sen_8.pdf, id=2, 614.295pt x 794.97pt>
File: comp_sen_8.pdf Graphic file (type pdf)
<use comp_sen_8.pdf>
Package pdftex.def Info: comp_sen_8.pdf used on input line 15.
(pdftex.def)             Requested size: 245.71364pt x 317.98236pt.
<ica_8.png, id=3, 578.16pt x 433.62pt>
File: ica_8.png Graphic file (type png)
<use ica_8.png>
Package pdftex.def Info: ica_8.png used on input line 18.
(pdftex.def)             Requested size: 231.2599pt x 173.44492pt.

Overfull \hbox (11.65358pt too wide) in paragraph at lines 11--19
[][]  []
 []

<8cwt.png, id=4, 578.16pt x 433.62pt>
File: 8cwt.png Graphic file (type png)
<use 8cwt.png>
Package pdftex.def Info: 8cwt.png used on input line 27.
(pdftex.def)             Requested size: 498.66258pt x 373.99765pt.
<9energy_band.pdf, id=5, 614.295pt x 794.97pt>
File: 9energy_band.pdf Graphic file (type pdf)
<use 9energy_band.pdf>
Package pdftex.def Info: 9energy_band.pdf used on input line 34.
(pdftex.def)             Requested size: 245.71364pt x 317.98236pt.
<comp_sen_9.pdf, id=6, 614.295pt x 794.97pt>
File: comp_sen_9.pdf Graphic file (type pdf)
<use comp_sen_9.pdf>
Package pdftex.def Info: comp_sen_9.pdf used on input line 38.
(pdftex.def)             Requested size: 245.71364pt x 317.98236pt.
<ica_9.png, id=7, 578.16pt x 433.62pt>
File: ica_9.png Graphic file (type png)
<use ica_9.png>
Package pdftex.def Info: ica_9.png used on input line 41.
(pdftex.def)             Requested size: 231.2599pt x 173.44492pt.

Overfull \hbox (11.65358pt too wide) in paragraph at lines 34--42
[][]  []
 []

<9cwt.png, id=8, 578.16pt x 433.62pt>
File: 9cwt.png Graphic file (type png)
<use 9cwt.png>
Package pdftex.def Info: 9cwt.png used on input line 49.
(pdftex.def)             Requested size: 498.66258pt x 373.99765pt.
<10energy_band.pdf, id=9, 614.295pt x 794.97pt>
File: 10energy_band.pdf Graphic file (type pdf)
<use 10energy_band.pdf>
Package pdftex.def Info: 10energy_band.pdf used on input line 57.
(pdftex.def)             Requested size: 245.71364pt x 317.98236pt.
<comp_sen_10.pdf, id=10, 614.295pt x 794.97pt>
File: comp_sen_10.pdf Graphic file (type pdf)
<use comp_sen_10.pdf>
Package pdftex.def Info: comp_sen_10.pdf used on input line 61.
(pdftex.def)             Requested size: 245.71364pt x 317.98236pt.
<ica_10.png, id=11, 578.16pt x 433.62pt>
File: ica_10.png Graphic file (type png)
<use ica_10.png>
Package pdftex.def Info: ica_10.png used on input line 64.
(pdftex.def)             Requested size: 231.2599pt x 173.44492pt.

Overfull \hbox (11.65358pt too wide) in paragraph at lines 57--65
[][]  []
 []

<10cwt.png, id=12, 578.16pt x 433.62pt>
File: 10cwt.png Graphic file (type png)
<use 10cwt.png>
Package pdftex.def Info: 10cwt.png used on input line 72.
(pdftex.def)             Requested size: 498.66258pt x 373.99765pt.
<11energy_band.pdf, id=13, 614.295pt x 794.97pt>
File: 11energy_band.pdf Graphic file (type pdf)
<use 11energy_band.pdf>
Package pdftex.def Info: 11energy_band.pdf used on input line 79.
(pdftex.def)             Requested size: 245.71364pt x 317.98236pt.
<comp_sen_11.pdf, id=14, 614.295pt x 794.97pt>
File: comp_sen_11.pdf Graphic file (type pdf)
<use comp_sen_11.pdf>
Package pdftex.def Info: comp_sen_11.pdf used on input line 83.
(pdftex.def)             Requested size: 245.71364pt x 317.98236pt.
<ica_11.png, id=15, 578.16pt x 433.62pt>
File: ica_11.png Graphic file (type png)
<use ica_11.png>
Package pdftex.def Info: ica_11.png used on input line 86.
(pdftex.def)             Requested size: 231.2599pt x 173.44492pt.

Overfull \hbox (11.65358pt too wide) in paragraph at lines 79--87
[][]  []
 []

<11cwt.png, id=16, 578.16pt x 433.62pt>
File: 11cwt.png Graphic file (type png)
<use 11cwt.png>
Package pdftex.def Info: 11cwt.png used on input line 94.
(pdftex.def)             Requested size: 498.66258pt x 373.99765pt.
<12energy_band.pdf, id=17, 614.295pt x 794.97pt>
File: 12energy_band.pdf Graphic file (type pdf)
<use 12energy_band.pdf>
Package pdftex.def Info: 12energy_band.pdf used on input line 101.
(pdftex.def)             Requested size: 245.71364pt x 317.98236pt.
<comp_sen_12.pdf, id=18, 614.295pt x 794.97pt>
File: comp_sen_12.pdf Graphic file (type pdf)
<use comp_sen_12.pdf>
Package pdftex.def Info: comp_sen_12.pdf used on input line 105.
(pdftex.def)             Requested size: 245.71364pt x 317.98236pt.
<ica_12.png, id=19, 578.16pt x 433.62pt>
File: ica_12.png Graphic file (type png)
<use ica_12.png>
Package pdftex.def Info: ica_12.png used on input line 108.
(pdftex.def)             Requested size: 231.2599pt x 173.44492pt.

Overfull \hbox (11.65358pt too wide) in paragraph at lines 101--109
[][]  []
 []

<12cwt.png, id=20, 578.16pt x 433.62pt>
File: 12cwt.png Graphic file (type png)
<use 12cwt.png>
Package pdftex.def Info: 12cwt.png used on input line 116.
(pdftex.def)             Requested size: 498.66258pt x 373.99765pt.
<13energy_band.pdf, id=21, 614.295pt x 794.97pt>
File: 13energy_band.pdf Graphic file (type pdf)
<use 13energy_band.pdf>
Package pdftex.def Info: 13energy_band.pdf used on input line 123.
(pdftex.def)             Requested size: 245.71364pt x 317.98236pt.
<comp_sen_13.pdf, id=22, 614.295pt x 794.97pt>
File: comp_sen_13.pdf Graphic file (type pdf)
<use comp_sen_13.pdf>
Package pdftex.def Info: comp_sen_13.pdf used on input line 127.
(pdftex.def)             Requested size: 245.71364pt x 317.98236pt.
<ica_13.png, id=23, 578.16pt x 433.62pt>
File: ica_13.png Graphic file (type png)
<use ica_13.png>
Package pdftex.def Info: ica_13.png used on input line 130.
(pdftex.def)             Requested size: 231.2599pt x 173.44492pt.

Overfull \hbox (11.65358pt too wide) in paragraph at lines 123--131
[][]  []
 []

<13cwt.png, id=24, 578.16pt x 433.62pt>
File: 13cwt.png Graphic file (type png)
<use 13cwt.png>
Package pdftex.def Info: 13cwt.png used on input line 138.
(pdftex.def)             Requested size: 498.66258pt x 373.99765pt.
<14energy_band.pdf, id=25, 614.295pt x 794.97pt>
File: 14energy_band.pdf Graphic file (type pdf)
<use 14energy_band.pdf>
Package pdftex.def Info: 14energy_band.pdf used on input line 145.
(pdftex.def)             Requested size: 245.71364pt x 317.98236pt.
<comp_sen_14.pdf, id=26, 614.295pt x 794.97pt>
File: comp_sen_14.pdf Graphic file (type pdf)
<use comp_sen_14.pdf>
Package pdftex.def Info: comp_sen_14.pdf used on input line 149.
(pdftex.def)             Requested size: 245.71364pt x 317.98236pt.
<ica_14.png, id=27, 578.16pt x 433.62pt>
File: ica_14.png Graphic file (type png)
<use ica_14.png>
Package pdftex.def Info: ica_14.png used on input line 152.
(pdftex.def)             Requested size: 231.2599pt x 173.44492pt.

Overfull \hbox (11.65358pt too wide) in paragraph at lines 145--153
[][]  []
 []

<14cwt.png, id=28, 578.16pt x 433.62pt>
File: 14cwt.png Graphic file (type png)
<use 14cwt.png>
Package pdftex.def Info: 14cwt.png used on input line 160.
(pdftex.def)             Requested size: 498.66258pt x 373.99765pt.
[1{/usr/local/texlive/2013/texmf-var/fonts/map/pdftex/updmap/pdftex.map} <./8en
ergy_band.pdf> <./comp_sen_8.pdf> <./ica_8.png (PNG copy)>] [2 <./8cwt.png (PNG
 copy)>] [3 <./9energy_band.pdf> <./comp_sen_9.pdf> <./ica_9.png (PNG copy)>] [
4 <./9cwt.png (PNG copy)>] [5 <./10energy_band.pdf> <./comp_sen_10.pdf> <./ica_
10.png (PNG copy)>] [6 <./10cwt.png (PNG copy)>] [7 <./11energy_band.pdf> <./co
mp_sen_11.pdf> <./ica_11.png (PNG copy)>] [8 <./11cwt.png (PNG copy)>] [9 <./12
energy_band.pdf> <./comp_sen_12.pdf> <./ica_12.png (PNG copy)>] [10 <./12cwt.pn
g (PNG copy)>] [11 <./13energy_band.pdf> <./comp_sen_13.pdf> <./ica_13.png (PNG
 copy)>] [12 <./13cwt.png (PNG copy)>] [13 <./14energy_band.pdf> <./comp_sen_14
.pdf> <./ica_14.png (PNG copy)>] [14 <./14cwt.png (PNG copy)>] (./sum1.aux) ) 
Here is how much of TeX's memory you used:
 2443 strings out of 493315
 35254 string characters out of 6137904
 101346 words of memory out of 5000000
 5867 multiletter control sequences out of 15000+600000
 4849 words of font info for 18 fonts, out of 8000000 for 9000
 957 hyphenation exceptions out of 8191
 38i,7n,32p,251b,243s stack positions out of 5000i,500n,10000p,200000b,80000s
</
usr/local/texlive/2013/texmf-dist/fonts/type1/public/amsfonts/cm/cmr10.pfb></us
r/local/texlive/2013/texmf-dist/fonts/type1/public/amsfonts/cm/cmr8.pfb></usr/l
ocal/texlive/2013/texmf-dist/fonts/type1/public/amsfonts/cm/cmr9.pfb></usr/loca
l/texlive/2013/texmf-dist/fonts/type1/public/amsfonts/cm/cmss10.pfb>
Output written on sum1.pdf (14 pages, 2021920 bytes).
PDF statistics:
 129 PDF objects out of 1000 (max. 8388607)
 80 compressed objects within 1 object stream
 0 named destinations out of 1000 (max. 500000)
 141 words of extra memory for PDF output out of 10000 (max. 10000000)

