
6/Jun/2016 10:46:29
0.01 - Opened log file.
0.25 - Loaded file /Users/Zhe/Documents/seizure/myeegcode/Faster_Processing/pre/pre.set.
0.06 - Highpass filter: 1.000Hz, transition band: 0.50, order: 464.
0.00 - Lowpass filter: 60.000Hz, transition band: 2.50, order: 72.
0.01 - Notch filter: 48.500 to 51.500Hz, transition band: 1.00, order: 228.
0.92 - Epoched data every 1.00 seconds.
Initial baseline variance: 0.01.
1.24 - Rejected 0 epochs .
13.89 - Ran ICA.
14.14 - Did per-epoch interpolation cleanup.
See _epoch_interpolations.txt for details.
14.16 - Finished.
Final baseline variance: 0.01.

6/Jun/2016 10:52:9
0.00 - Opened log file.
0.16 - Loaded file /Users/Zhe/Documents/seizure/myeegcode/Faster_Processing/pre/pre.set.
0.12 - Highpass filter: 1.000Hz, transition band: 0.50, order: 464.
0.00 - Lowpass filter: 60.000Hz, transition band: 2.50, order: 72.
0.03 - Notch filter: 48.500 to 51.500Hz, transition band: 1.00, order: 228.
0.99 - Epoched data every 1.00 seconds.
Initial baseline variance: 0.01.
1.33 - Rejected 0 epochs .
11.81 - Ran ICA.
12.04 - Did per-epoch interpolation cleanup.
See _epoch_interpolations.txt for details.
12.06 - Finished.
Final baseline variance: 0.01.
